build/app/intermediates/manifest_merge_blame_file/debug/manifest-merger-blame-debug-report.txt
1<?xml version="1.0" encoding="utf-8"?>
2<manifest xmlns:android="http://schemas.android.com/apk/res/android"
3    package="com.example.esp32_bluetooth_app"
4    android:versionCode="1"
5    android:versionName="1.0" >
6
7    <uses-sdk
8        android:minSdkVersion="21"
9        android:targetSdkVersion="34" />
10    <!--
11         The INTERNET permission is required for development. Specifically,
12         the Flutter tool needs it to communicate with the running application
13         to allow setting breakpoints, to provide hot reload, etc.
14    -->
15    <uses-permission android:name="android.permission.INTERNET" />
15-->src/debug/AndroidManifest.xml:6:5-66
15-->src/debug/AndroidManifest.xml:6:22-64
16    <!-- permissões necessárias para Bluetooth Classic -->
17    <!-- Permissões para Android 12 e superior -->
18    <uses-permission android:name="android.permission.BLUETOOTH" />
18-->src/main/AndroidManifest.xml:5:5-68
18-->src/main/AndroidManifest.xml:5:22-65
19    <uses-permission android:name="android.permission.BLUETOOTH_ADMIN" />
19-->src/main/AndroidManifest.xml:6:5-74
19-->src/main/AndroidManifest.xml:6:22-71
20    <uses-permission
20-->src/main/AndroidManifest.xml:7:5-100
21        android:name="android.permission.BLUETOOTH_CONNECT"
21-->src/main/AndroidManifest.xml:7:22-73
22        android:required="false" />
22-->src/main/AndroidManifest.xml:7:74-98
23    <uses-permission
23-->src/main/AndroidManifest.xml:8:5-97
24        android:name="android.permission.BLUETOOTH_SCAN"
24-->src/main/AndroidManifest.xml:8:22-70
25        android:required="false" />
25-->src/main/AndroidManifest.xml:8:71-95
26    <uses-permission
26-->src/main/AndroidManifest.xml:9:5-102
27        android:name="android.permission.BLUETOOTH_ADVERTISE"
27-->src/main/AndroidManifest.xml:9:22-75
28        android:required="false" /> <!-- Permissão de localização necessária para escaneamento Bluetooth em algumas versões do Android -->
28-->src/main/AndroidManifest.xml:9:76-100
29    <uses-permission android:name="android.permission.ACCESS_FINE_LOCATION" /> <!-- Aplicável a dispositivos com Android 11 e inferior -->
29-->src/main/AndroidManifest.xml:12:5-79
29-->src/main/AndroidManifest.xml:12:22-76
30    <uses-permission android:name="android.permission.BLUETOOTH" />
30-->src/main/AndroidManifest.xml:5:5-68
30-->src/main/AndroidManifest.xml:5:22-65
31    <uses-permission android:name="android.permission.BLUETOOTH_ADMIN" />
31-->src/main/AndroidManifest.xml:6:5-74
31-->src/main/AndroidManifest.xml:6:22-71
32    <!--
33 Required to query activities that can process text, see:
34         https://developer.android.com/training/package-visibility and
35         https://developer.android.com/reference/android/content/Intent#ACTION_PROCESS_TEXT.
36
37         In particular, this is used by the Flutter engine in io.flutter.plugin.text.ProcessTextPlugin.
38    -->
39    <queries>
39-->src/main/AndroidManifest.xml:55:5-60:15
40        <intent>
40-->src/main/AndroidManifest.xml:56:9-59:18
41            <action android:name="android.intent.action.PROCESS_TEXT" />
41-->src/main/AndroidManifest.xml:57:13-72
41-->src/main/AndroidManifest.xml:57:21-70
42
43            <data android:mimeType="text/plain" />
43-->src/main/AndroidManifest.xml:58:13-50
43-->src/main/AndroidManifest.xml:58:19-48
44        </intent>
45    </queries>
46
47    <uses-permission android:name="android.permission.ACCESS_COARSE_LOCATION" />
47-->[:flutter_bluetooth_serial] AndroidManifest.xml:11:5-81
47-->[:flutter_bluetooth_serial] AndroidManifest.xml:11:22-78
48
49    <permission
49-->[androidx.core:core:1.13.1] AndroidManifest.xml:22:5-24:47
50        android:name="com.example.esp32_bluetooth_app.DYNAMIC_RECEIVER_NOT_EXPORTED_PERMISSION"
50-->[androidx.core:core:1.13.1] AndroidManifest.xml:23:9-81
51        android:protectionLevel="signature" />
51-->[androidx.core:core:1.13.1] AndroidManifest.xml:24:9-44
52
53    <uses-permission android:name="com.example.esp32_bluetooth_app.DYNAMIC_RECEIVER_NOT_EXPORTED_PERMISSION" />
53-->[androidx.core:core:1.13.1] AndroidManifest.xml:26:5-97
53-->[androidx.core:core:1.13.1] AndroidManifest.xml:26:22-94
54
55    <application
56        android:name="android.app.Application"
57        android:appComponentFactory="androidx.core.app.CoreComponentFactory"
57-->[androidx.core:core:1.13.1] AndroidManifest.xml:28:18-86
58        android:debuggable="true"
59        android:icon="@mipmap/ic_launcher"
60        android:label="esp32_bluetooth_app" >
61        <activity
62            android:name="com.example.esp32_bluetooth_app.MainActivity"
63            android:configChanges="orientation|keyboardHidden|keyboard|screenSize|smallestScreenSize|locale|layoutDirection|fontScale|screenLayout|density|uiMode"
64            android:exported="true"
65            android:hardwareAccelerated="true"
66            android:launchMode="singleTop"
67            android:taskAffinity=""
68            android:theme="@style/LaunchTheme"
69            android:windowSoftInputMode="adjustResize" >
70
71            <!--
72                 Specifies an Android theme to apply to this Activity as soon as
73                 the Android process has started. This theme is visible to the user
74                 while the Flutter UI initializes. After that, this theme continues
75                 to determine the Window background behind the Flutter UI.
76            -->
77            <meta-data
78                android:name="io.flutter.embedding.android.NormalTheme"
79                android:resource="@style/NormalTheme" />
80
81            <intent-filter>
82                <action android:name="android.intent.action.MAIN" />
83
84                <category android:name="android.intent.category.LAUNCHER" />
85            </intent-filter>
86        </activity>
87        <!--
88             Don't delete the meta-data below.
89             This is used by the Flutter tool to generate GeneratedPluginRegistrant.java
90        -->
91        <meta-data
92            android:name="flutterEmbedding"
93            android:value="2" />
94
95        <uses-library
95-->[androidx.window:window:1.2.0] AndroidManifest.xml:23:9-25:40
96            android:name="androidx.window.extensions"
96-->[androidx.window:window:1.2.0] AndroidManifest.xml:24:13-54
97            android:required="false" />
97-->[androidx.window:window:1.2.0] AndroidManifest.xml:25:13-37
98        <uses-library
98-->[androidx.window:window:1.2.0] AndroidManifest.xml:26:9-28:40
99            android:name="androidx.window.sidecar"
99-->[androidx.window:window:1.2.0] AndroidManifest.xml:27:13-51
100            android:required="false" />
100-->[androidx.window:window:1.2.0] AndroidManifest.xml:28:13-37
101
102        <provider
102-->[androidx.lifecycle:lifecycle-process:2.7.0] AndroidManifest.xml:24:9-32:20
103            android:name="androidx.startup.InitializationProvider"
103-->[androidx.lifecycle:lifecycle-process:2.7.0] AndroidManifest.xml:25:13-67
104            android:authorities="com.example.esp32_bluetooth_app.androidx-startup"
104-->[androidx.lifecycle:lifecycle-process:2.7.0] AndroidManifest.xml:26:13-68
105            android:exported="false" >
105-->[androidx.lifecycle:lifecycle-process:2.7.0] AndroidManifest.xml:27:13-37
106            <meta-data
106-->[androidx.lifecycle:lifecycle-process:2.7.0] AndroidManifest.xml:29:13-31:52
107                android:name="androidx.lifecycle.ProcessLifecycleInitializer"
107-->[androidx.lifecycle:lifecycle-process:2.7.0] AndroidManifest.xml:30:17-78
108                android:value="androidx.startup" />
108-->[androidx.lifecycle:lifecycle-process:2.7.0] AndroidManifest.xml:31:17-49
109            <meta-data
109-->[androidx.profileinstaller:profileinstaller:1.3.1] AndroidManifest.xml:29:13-31:52
110                android:name="androidx.profileinstaller.ProfileInstallerInitializer"
110-->[androidx.profileinstaller:profileinstaller:1.3.1] AndroidManifest.xml:30:17-85
111                android:value="androidx.startup" />
111-->[androidx.profileinstaller:profileinstaller:1.3.1] AndroidManifest.xml:31:17-49
112        </provider>
113
114        <receiver
114-->[androidx.profileinstaller:profileinstaller:1.3.1] AndroidManifest.xml:34:9-52:20
115            android:name="androidx.profileinstaller.ProfileInstallReceiver"
115-->[androidx.profileinstaller:profileinstaller:1.3.1] AndroidManifest.xml:35:13-76
116            android:directBootAware="false"
116-->[androidx.profileinstaller:profileinstaller:1.3.1] AndroidManifest.xml:36:13-44
117            android:enabled="true"
117-->[androidx.profileinstaller:profileinstaller:1.3.1] AndroidManifest.xml:37:13-35
118            android:exported="true"
118-->[androidx.profileinstaller:profileinstaller:1.3.1] AndroidManifest.xml:38:13-36
119            android:permission="android.permission.DUMP" >
119-->[androidx.profileinstaller:profileinstaller:1.3.1] AndroidManifest.xml:39:13-57
120            <intent-filter>
120-->[androidx.profileinstaller:profileinstaller:1.3.1] AndroidManifest.xml:40:13-42:29
121                <action android:name="androidx.profileinstaller.action.INSTALL_PROFILE" />
121-->[androidx.profileinstaller:profileinstaller:1.3.1] AndroidManifest.xml:41:17-91
121-->[androidx.profileinstaller:profileinstaller:1.3.1] AndroidManifest.xml:41:25-88
122            </intent-filter>
123            <intent-filter>
123-->[androidx.profileinstaller:profileinstaller:1.3.1] AndroidManifest.xml:43:13-45:29
124                <action android:name="androidx.profileinstaller.action.SKIP_FILE" />
124-->[androidx.profileinstaller:profileinstaller:1.3.1] AndroidManifest.xml:44:17-85
124-->[androidx.profileinstaller:profileinstaller:1.3.1] AndroidManifest.xml:44:25-82
125            </intent-filter>
126            <intent-filter>
126-->[androidx.profileinstaller:profileinstaller:1.3.1] AndroidManifest.xml:46:13-48:29
127                <action android:name="androidx.profileinstaller.action.SAVE_PROFILE" />
127-->[androidx.profileinstaller:profileinstaller:1.3.1] AndroidManifest.xml:47:17-88
127-->[androidx.profileinstaller:profileinstaller:1.3.1] AndroidManifest.xml:47:25-85
128            </intent-filter>
129            <intent-filter>
129-->[androidx.profileinstaller:profileinstaller:1.3.1] AndroidManifest.xml:49:13-51:29
130                <action android:name="androidx.profileinstaller.action.BENCHMARK_OPERATION" />
130-->[androidx.profileinstaller:profileinstaller:1.3.1] AndroidManifest.xml:50:17-95
130-->[androidx.profileinstaller:profileinstaller:1.3.1] AndroidManifest.xml:50:25-92
131            </intent-filter>
132        </receiver>
133    </application>
134
135</manifest>